<?xml version="1.0" encoding="UTF-8" ?>
<testsuite tests="44" failures="8" name="web.runner.Runner" time="0.102" errors="0" skipped="8">
  <properties>
[...]
</properties>
  <testcase classname="| Único | Off White | R$ 399,90 | R$ 0,00 | R$ 399,90 | 1 | Bolsa Shoestock Satchel Basic Feminina |" name="Given que estou na paginal inicial do site shoestok" time="0.004"/>
  <testcase classname="| Único | Off White | R$ 399,90 | R$ 0,00 | R$ 399,90 | 1 | Bolsa Shoestock Satchel Basic Feminina |" name="When estou logado" time="0"/>
  <testcase classname="| Único | Off White | R$ 399,90 | R$ 0,00 | R$ 399,90 | 1 | Bolsa Shoestock Satchel Basic Feminina |" name="Then faco uma pesquiso pelo nome do produto &quot;Bolsa Shoestock Satchel Basic Feminina&quot;" time="0"/>
  <testcase classname="| Único | Off White | R$ 399,90 | R$ 0,00 | R$ 399,90 | 1 | Bolsa Shoestock Satchel Basic Feminina |" name="Then sera apresentado o resultado da pesquisa" time="0"/>
  <testcase classname="| Único | Off White | R$ 399,90 | R$ 0,00 | R$ 399,90 | 1 | Bolsa Shoestock Satchel Basic Feminina |" name="Then clico no produto apresentado &quot;Bolsa Shoestock Satchel Basic Feminina&quot;" time="0"/>
  <testcase classname="| Único | Off White | R$ 399,90 | R$ 0,00 | R$ 399,90 | 1 | Bolsa Shoestock Satchel Basic Feminina |" name="Then seleciono a cor &quot;Off White&quot; e &quot;Único&quot; do produto" time="0"/>
  <testcase classname="| Único | Off White | R$ 399,90 | R$ 0,00 | R$ 399,90 | 1 | Bolsa Shoestock Satchel Basic Feminina |" name="Then clico no botao comprar" time="0"/>
  <testcase classname="| Único | Off White | R$ 399,90 | R$ 0,00 | R$ 399,90 | 1 | Bolsa Shoestock Satchel Basic Feminina |" name="Then valido as informacoes da pagina do carrinho" time="0.013">
    <failure message="expected:&lt;[BOLSA SHOESTOCK SATCHEL BASIC] FEMININA&gt; but was:&lt;[CARTEIRA COURO SHOESTOCK LAPELA] FEMININA&gt;" type="org.junit.ComparisonFailure">org.junit.ComparisonFailure: expected:&lt;[BOLSA SHOESTOCK SATCHEL BASIC] FEMININA&gt; but was:&lt;[CARTEIRA COURO SHOESTOCK LAPELA] FEMININA&gt;
	at org.junit.Assert.assertEquals(Assert.java:117)
	at org.junit.Assert.assertEquals(Assert.java:146)
	at web.steps.Test.valido_as_informacoes_da_pagina_do_carrinho(Test.java:105)
	at ✽.Then valido as informacoes da pagina do carrinho(addProdutoCarrinho.feature:17)
</failure>
    <system-out>Carteira Couro Shoestock Lapela Feminina
</system-out>
  </testcase>
  <testcase classname="| Único | Off White | R$ 399,90 | R$ 0,00 | R$ 399,90 | 1 | Bolsa Shoestock Satchel Basic Feminina |" name="| Único | Off White | R$ 399,90 | R$ 0,00 | R$ 399,90 | 1 | Bolsa Shoestock Satchel Basic Feminina |" time="0.014">
    <failure message="expected:&lt;[BOLSA SHOESTOCK SATCHEL BASIC] FEMININA&gt; but was:&lt;[CARTEIRA COURO SHOESTOCK LAPELA] FEMININA&gt;" type="org.junit.ComparisonFailure">org.junit.ComparisonFailure: expected:&lt;[BOLSA SHOESTOCK SATCHEL BASIC] FEMININA&gt; but was:&lt;[CARTEIRA COURO SHOESTOCK LAPELA] FEMININA&gt;
	at org.junit.Assert.assertEquals(Assert.java:117)
	at org.junit.Assert.assertEquals(Assert.java:146)
	at web.steps.Test.valido_as_informacoes_da_pagina_do_carrinho(Test.java:105)
	at ✽.Then valido as informacoes da pagina do carrinho(addProdutoCarrinho.feature:17)
</failure>
  </testcase>
  <testcase classname="| Único | Off White | R$ 399,90 | R$ 0,00 | R$ 399,90 | 1 | Bolsa Shoestock Satchel Basic Feminina |" name="Then clico no botao continuar" time="0.023">
    <skipped/>
  </testcase>
  <testcase classname="| Único | Off White | R$ 399,90 | R$ 0,00 | R$ 399,90 | 1 | Bolsa Shoestock Satchel Basic Feminina |" name="Then valido as informacoes da pagina de pagamento" time="0.028">
    <skipped/>
  </testcase>
  <testcase classname="| 39 | Café | R$ 229,90 | R$ 0,00 | R$ 229,90 | 1 | Bota Coturto Couro Shoestock Básica Masculina |" name="Given que estou na paginal inicial do site shoestok" time="0"/>
  <testcase classname="| 39 | Café | R$ 229,90 | R$ 0,00 | R$ 229,90 | 1 | Bota Coturto Couro Shoestock Básica Masculina |" name="When estou logado" time="0"/>
  <testcase classname="| 39 | Café | R$ 229,90 | R$ 0,00 | R$ 229,90 | 1 | Bota Coturto Couro Shoestock Básica Masculina |" name="Then faco uma pesquiso pelo nome do produto &quot;Bota Coturto Couro Shoestock Básica Masculina&quot;" time="0"/>
  <testcase classname="| 39 | Café | R$ 229,90 | R$ 0,00 | R$ 229,90 | 1 | Bota Coturto Couro Shoestock Básica Masculina |" name="Then sera apresentado o resultado da pesquisa" time="0"/>
  <testcase classname="| 39 | Café | R$ 229,90 | R$ 0,00 | R$ 229,90 | 1 | Bota Coturto Couro Shoestock Básica Masculina |" name="Then clico no produto apresentado &quot;Bota Coturto Couro Shoestock Básica Masculina&quot;" time="0"/>
  <testcase classname="| 39 | Café | R$ 229,90 | R$ 0,00 | R$ 229,90 | 1 | Bota Coturto Couro Shoestock Básica Masculina |" name="Then seleciono a cor &quot;Café&quot; e &quot;39&quot; do produto" time="0.001"/>
  <testcase classname="| 39 | Café | R$ 229,90 | R$ 0,00 | R$ 229,90 | 1 | Bota Coturto Couro Shoestock Básica Masculina |" name="Then clico no botao comprar" time="0"/>
  <testcase classname="| 39 | Café | R$ 229,90 | R$ 0,00 | R$ 229,90 | 1 | Bota Coturto Couro Shoestock Básica Masculina |" name="Then valido as informacoes da pagina do carrinho" time="0.001">
    <failure message="expected:&lt;[BOTA COTURTO COURO SHOESTOCK BÁSICA MASCUL]INA&gt; but was:&lt;[CARTEIRA COURO SHOESTOCK LAPELA FEMIN]INA&gt;" type="org.junit.ComparisonFailure">org.junit.ComparisonFailure: expected:&lt;[BOTA COTURTO COURO SHOESTOCK BÁSICA MASCUL]INA&gt; but was:&lt;[CARTEIRA COURO SHOESTOCK LAPELA FEMIN]INA&gt;
	at org.junit.Assert.assertEquals(Assert.java:117)
	at org.junit.Assert.assertEquals(Assert.java:146)
	at web.steps.Test.valido_as_informacoes_da_pagina_do_carrinho(Test.java:105)
	at ✽.Then valido as informacoes da pagina do carrinho(addProdutoCarrinho.feature:17)
</failure>
    <system-out>Carteira Couro Shoestock Lapela Feminina
</system-out>
  </testcase>
  <testcase classname="| 39 | Café | R$ 229,90 | R$ 0,00 | R$ 229,90 | 1 | Bota Coturto Couro Shoestock Básica Masculina |" name="| 39 | Café | R$ 229,90 | R$ 0,00 | R$ 229,90 | 1 | Bota Coturto Couro Shoestock Básica Masculina |" time="0.001">
    <failure message="expected:&lt;[BOTA COTURTO COURO SHOESTOCK BÁSICA MASCUL]INA&gt; but was:&lt;[CARTEIRA COURO SHOESTOCK LAPELA FEMIN]INA&gt;" type="org.junit.ComparisonFailure">org.junit.ComparisonFailure: expected:&lt;[BOTA COTURTO COURO SHOESTOCK BÁSICA MASCUL]INA&gt; but was:&lt;[CARTEIRA COURO SHOESTOCK LAPELA FEMIN]INA&gt;
	at org.junit.Assert.assertEquals(Assert.java:117)
	at org.junit.Assert.assertEquals(Assert.java:146)
	at web.steps.Test.valido_as_informacoes_da_pagina_do_carrinho(Test.java:105)
	at ✽.Then valido as informacoes da pagina do carrinho(addProdutoCarrinho.feature:17)
</failure>
  </testcase>
  <testcase classname="| 39 | Café | R$ 229,90 | R$ 0,00 | R$ 229,90 | 1 | Bota Coturto Couro Shoestock Básica Masculina |" name="Then clico no botao continuar" time="0.003">
    <skipped/>
  </testcase>
  <testcase classname="| 39 | Café | R$ 229,90 | R$ 0,00 | R$ 229,90 | 1 | Bota Coturto Couro Shoestock Básica Masculina |" name="Then valido as informacoes da pagina de pagamento" time="0.006">
    <skipped/>
  </testcase>
  <testcase classname="| 41 | Azul | R$ 229,90 | R$ 0,00 | R$ 229,90 | 1 | Mocassim Couro Shoestock Gravata Masculino |" name="Given que estou na paginal inicial do site shoestok" time="0"/>
  <testcase classname="| 41 | Azul | R$ 229,90 | R$ 0,00 | R$ 229,90 | 1 | Mocassim Couro Shoestock Gravata Masculino |" name="When estou logado" time="0"/>
  <testcase classname="| 41 | Azul | R$ 229,90 | R$ 0,00 | R$ 229,90 | 1 | Mocassim Couro Shoestock Gravata Masculino |" name="Then faco uma pesquiso pelo nome do produto &quot;Mocassim Couro Shoestock Gravata Masculino&quot;" time="0"/>
  <testcase classname="| 41 | Azul | R$ 229,90 | R$ 0,00 | R$ 229,90 | 1 | Mocassim Couro Shoestock Gravata Masculino |" name="Then sera apresentado o resultado da pesquisa" time="0.001"/>
  <testcase classname="| 41 | Azul | R$ 229,90 | R$ 0,00 | R$ 229,90 | 1 | Mocassim Couro Shoestock Gravata Masculino |" name="Then clico no produto apresentado &quot;Mocassim Couro Shoestock Gravata Masculino&quot;" time="0"/>
  <testcase classname="| 41 | Azul | R$ 229,90 | R$ 0,00 | R$ 229,90 | 1 | Mocassim Couro Shoestock Gravata Masculino |" name="Then seleciono a cor &quot;Azul&quot; e &quot;41&quot; do produto" time="0"/>
  <testcase classname="| 41 | Azul | R$ 229,90 | R$ 0,00 | R$ 229,90 | 1 | Mocassim Couro Shoestock Gravata Masculino |" name="Then clico no botao comprar" time="0"/>
  <testcase classname="| 41 | Azul | R$ 229,90 | R$ 0,00 | R$ 229,90 | 1 | Mocassim Couro Shoestock Gravata Masculino |" name="Then valido as informacoes da pagina do carrinho" time="0">
    <failure message="expected:&lt;[MOCASSIM COURO SHOESTOCK GRAVATA MASCULINO]&gt; but was:&lt;[CARTEIRA COURO SHOESTOCK LAPELA FEMININA]&gt;" type="org.junit.ComparisonFailure">org.junit.ComparisonFailure: expected:&lt;[MOCASSIM COURO SHOESTOCK GRAVATA MASCULINO]&gt; but was:&lt;[CARTEIRA COURO SHOESTOCK LAPELA FEMININA]&gt;
	at org.junit.Assert.assertEquals(Assert.java:117)
	at org.junit.Assert.assertEquals(Assert.java:146)
	at web.steps.Test.valido_as_informacoes_da_pagina_do_carrinho(Test.java:105)
	at ✽.Then valido as informacoes da pagina do carrinho(addProdutoCarrinho.feature:17)
</failure>
    <system-out>Carteira Couro Shoestock Lapela Feminina
</system-out>
  </testcase>
  <testcase classname="| 41 | Azul | R$ 229,90 | R$ 0,00 | R$ 229,90 | 1 | Mocassim Couro Shoestock Gravata Masculino |" name="| 41 | Azul | R$ 229,90 | R$ 0,00 | R$ 229,90 | 1 | Mocassim Couro Shoestock Gravata Masculino |" time="0">
    <failure message="expected:&lt;[MOCASSIM COURO SHOESTOCK GRAVATA MASCULINO]&gt; but was:&lt;[CARTEIRA COURO SHOESTOCK LAPELA FEMININA]&gt;" type="org.junit.ComparisonFailure">org.junit.ComparisonFailure: expected:&lt;[MOCASSIM COURO SHOESTOCK GRAVATA MASCULINO]&gt; but was:&lt;[CARTEIRA COURO SHOESTOCK LAPELA FEMININA]&gt;
	at org.junit.Assert.assertEquals(Assert.java:117)
	at org.junit.Assert.assertEquals(Assert.java:146)
	at web.steps.Test.valido_as_informacoes_da_pagina_do_carrinho(Test.java:105)
	at ✽.Then valido as informacoes da pagina do carrinho(addProdutoCarrinho.feature:17)
</failure>
  </testcase>
  <testcase classname="| 41 | Azul | R$ 229,90 | R$ 0,00 | R$ 229,90 | 1 | Mocassim Couro Shoestock Gravata Masculino |" name="Then clico no botao continuar" time="0.001">
    <skipped/>
  </testcase>
  <testcase classname="| 41 | Azul | R$ 229,90 | R$ 0,00 | R$ 229,90 | 1 | Mocassim Couro Shoestock Gravata Masculino |" name="Then valido as informacoes da pagina de pagamento" time="0.002">
    <skipped/>
  </testcase>
  <testcase classname="| Único | Vermelho | R$ 149,90 | R$ 0,00 | R$ 149,90 | 1 | Carteira Couro Shoestock Lapela Feminina |" name="Given que estou na paginal inicial do site shoestok" time="0"/>
  <testcase classname="| Único | Vermelho | R$ 149,90 | R$ 0,00 | R$ 149,90 | 1 | Carteira Couro Shoestock Lapela Feminina |" name="When estou logado" time="0"/>
  <testcase classname="| Único | Vermelho | R$ 149,90 | R$ 0,00 | R$ 149,90 | 1 | Carteira Couro Shoestock Lapela Feminina |" name="Then faco uma pesquiso pelo nome do produto &quot;Carteira Couro Shoestock Lapela Feminina&quot;" time="0"/>
  <testcase classname="| Único | Vermelho | R$ 149,90 | R$ 0,00 | R$ 149,90 | 1 | Carteira Couro Shoestock Lapela Feminina |" name="Then sera apresentado o resultado da pesquisa" time="0"/>
  <testcase classname="| Único | Vermelho | R$ 149,90 | R$ 0,00 | R$ 149,90 | 1 | Carteira Couro Shoestock Lapela Feminina |" name="Then clico no produto apresentado &quot;Carteira Couro Shoestock Lapela Feminina&quot;" time="0"/>
  <testcase classname="| Único | Vermelho | R$ 149,90 | R$ 0,00 | R$ 149,90 | 1 | Carteira Couro Shoestock Lapela Feminina |" name="Then seleciono a cor &quot;Vermelho&quot; e &quot;Único&quot; do produto" time="0"/>
  <testcase classname="| Único | Vermelho | R$ 149,90 | R$ 0,00 | R$ 149,90 | 1 | Carteira Couro Shoestock Lapela Feminina |" name="Then clico no botao comprar" time="0"/>
  <testcase classname="| Único | Vermelho | R$ 149,90 | R$ 0,00 | R$ 149,90 | 1 | Carteira Couro Shoestock Lapela Feminina |" name="Then valido as informacoes da pagina do carrinho" time="0">
    <failure message="expected:&lt;[1]&gt; but was:&lt;[2]&gt;" type="org.junit.ComparisonFailure">org.junit.ComparisonFailure: expected:&lt;[1]&gt; but was:&lt;[2]&gt;
	at org.junit.Assert.assertEquals(Assert.java:117)
	at org.junit.Assert.assertEquals(Assert.java:146)
	at web.steps.Test.valido_as_informacoes_da_pagina_do_carrinho(Test.java:107)
	at ✽.Then valido as informacoes da pagina do carrinho(addProdutoCarrinho.feature:17)
</failure>
    <system-out>Carteira Couro Shoestock Lapela Feminina
Único
2
</system-out>
  </testcase>
  <testcase classname="| Único | Vermelho | R$ 149,90 | R$ 0,00 | R$ 149,90 | 1 | Carteira Couro Shoestock Lapela Feminina |" name="| Único | Vermelho | R$ 149,90 | R$ 0,00 | R$ 149,90 | 1 | Carteira Couro Shoestock Lapela Feminina |" time="0.001">
    <failure message="expected:&lt;[1]&gt; but was:&lt;[2]&gt;" type="org.junit.ComparisonFailure">org.junit.ComparisonFailure: expected:&lt;[1]&gt; but was:&lt;[2]&gt;
	at org.junit.Assert.assertEquals(Assert.java:117)
	at org.junit.Assert.assertEquals(Assert.java:146)
	at web.steps.Test.valido_as_informacoes_da_pagina_do_carrinho(Test.java:107)
	at ✽.Then valido as informacoes da pagina do carrinho(addProdutoCarrinho.feature:17)
</failure>
  </testcase>
  <testcase classname="| Único | Vermelho | R$ 149,90 | R$ 0,00 | R$ 149,90 | 1 | Carteira Couro Shoestock Lapela Feminina |" name="Then clico no botao continuar" time="0.001">
    <skipped/>
  </testcase>
  <testcase classname="| Único | Vermelho | R$ 149,90 | R$ 0,00 | R$ 149,90 | 1 | Carteira Couro Shoestock Lapela Feminina |" name="Then valido as informacoes da pagina de pagamento" time="0.002">
    <skipped/>
  </testcase>
</testsuite>